Unity Editor version:    2020.3.22f1 (e1a7f79fd887)
Branch:                  2020.3/staging
Build type:              Release
Batch mode:              YES
macOS version:           Version 10.15.6 (Build 19G73)
Darwin version:          19.6.0
Architecture:            x86_64
Running under Rosetta:   NO
Available memory:        8192 MB
Using pre-set license
Pro License: NO

COMMAND LINE ARGUMENTS:
/Applications/Unity/Hub/Editor/2020.3.22f1/Unity.app/Contents/MacOS/Unity
-adb2
-batchMode
-noUpm
-name
AssetImportWorker0
-projectPath
/Users/Gabri/Downloads/Università/E-Health/astro-micio/app
-logFile
Logs/AssetImportWorker0.log
-srvPort
52742
Successfully changed project path to: /Users/Gabri/Downloads/Università/E-Health/astro-micio/app
/Users/Gabri/Downloads/Università/E-Health/astro-micio/app
Using Asset Import Pipeline V2.
Refreshing native plugins compatible for Editor in 63.93 ms, found 3 plugins.
Preloading 0 native plugins for Editor in 0.00 ms.
Initialize engine version: 2020.3.22f1 (e1a7f79fd887)
[Subsystems] Discovering subsystems at path /Applications/Unity/Hub/Editor/2020.3.22f1/Unity.app/Contents/Resources/UnitySubsystems
[Subsystems] Discovering subsystems at path /Users/Gabri/Downloads/Università/E-Health/astro-micio/app/Assets
GfxDevice: creating device client; threaded=0
2021-12-17 15:26:43.792 Unity[6974:170260] Color LCD preferred device: Intel(R) Iris(TM) Graphics 6100 (low power)
2021-12-17 15:26:43.792 Unity[6974:170260] Metal devices available: 1
2021-12-17 15:26:43.792 Unity[6974:170260] 0: Intel(R) Iris(TM) Graphics 6100 (low power)
2021-12-17 15:26:43.793 Unity[6974:170260] Using device Intel(R) Iris(TM) Graphics 6100 (low power)
Initializing Metal device caps: Intel(R) Iris(TM) Graphics 6100
Initialize mono
Mono path[0] = '/Applications/Unity/Hub/Editor/2020.3.22f1/Unity.app/Contents/Managed'
Mono path[1] = '/Applications/Unity/Hub/Editor/2020.3.22f1/Unity.app/Contents/MonoBleedingEdge/lib/mono/unityjit'
Mono config path = '/Applications/Unity/Hub/Editor/2020.3.22f1/Unity.app/Contents/MonoBleedingEdge/etc'
Using monoOptions --debugger-agent=transport=dt_socket,embedding=1,server=y,suspend=n,address=127.0.0.1:56974
Begin MonoManager ReloadAssembly
Registering precompiled unity dll's ...
Register platform support module: /Applications/Unity/Hub/Editor/2020.3.22f1/Unity.app/Contents/PlaybackEngines/MacStandaloneSupport/UnityEditor.OSXStandalone.Extensions.dll
Registered in 0.000569 seconds.
Native extension for OSXStandalone target not found
Refreshing native plugins compatible for Editor in 63.98 ms, found 3 plugins.
Preloading 0 native plugins for Editor in 0.00 ms.
Mono: successfully reloaded assembly
- Completed reload, in  4.039 seconds
Domain Reload Profiling:
	ReloadAssembly (4040ms)
		BeginReloadAssembly (59ms)
			ExecutionOrderSort (0ms)
			DisableScriptedObjects (0ms)
			BackupInstance (0ms)
			ReleaseScriptingObjects (0ms)
			CreateAndSetChildDomain (1ms)
		EndReloadAssembly (710ms)
			LoadAssemblies (58ms)
			RebuildTransferFunctionScriptingTraits (0ms)
			SetupTypeCache (257ms)
			ReleaseScriptCaches (0ms)
			RebuildScriptCaches (54ms)
			SetupLoadedEditorAssemblies (284ms)
				LogAssemblyErrors (0ms)
				InitializePlatformSupportModulesInManaged (6ms)
				SetLoadedEditorAssemblies (0ms)
				RefreshPlugins (64ms)
				BeforeProcessingInitializeOnLoad (34ms)
				ProcessInitializeOnLoadAttributes (133ms)
				ProcessInitializeOnLoadMethodAttributes (47ms)
				AfterProcessingInitializeOnLoad (0ms)
				EditorAssembliesLoaded (0ms)
			ExecutionOrderSort2 (0ms)
			AwakeInstancesAfterBackupRestoration (0ms)
Platform modules already initialized, skipping
Registering precompiled user dll's ...
Registered in 0.002526 seconds.
Begin MonoManager ReloadAssembly
Native extension for OSXStandalone target not found
Refreshing native plugins compatible for Editor in 62.10 ms, found 3 plugins.
Preloading 0 native plugins for Editor in 0.00 ms.
Mono: successfully reloaded assembly
- Completed reload, in  1.895 seconds
Domain Reload Profiling:
	ReloadAssembly (1896ms)
		BeginReloadAssembly (222ms)
			ExecutionOrderSort (0ms)
			DisableScriptedObjects (7ms)
			BackupInstance (0ms)
			ReleaseScriptingObjects (0ms)
			CreateAndSetChildDomain (45ms)
		EndReloadAssembly (1584ms)
			LoadAssemblies (181ms)
			RebuildTransferFunctionScriptingTraits (0ms)
			SetupTypeCache (507ms)
			ReleaseScriptCaches (1ms)
			RebuildScriptCaches (88ms)
			SetupLoadedEditorAssemblies (583ms)
				LogAssemblyErrors (0ms)
				InitializePlatformSupportModulesInManaged (5ms)
				SetLoadedEditorAssemblies (0ms)
				RefreshPlugins (62ms)
				BeforeProcessingInitializeOnLoad (106ms)
				ProcessInitializeOnLoadAttributes (382ms)
				ProcessInitializeOnLoadMethodAttributes (25ms)
				AfterProcessingInitializeOnLoad (2ms)
				EditorAssembliesLoaded (0ms)
			ExecutionOrderSort2 (0ms)
			AwakeInstancesAfterBackupRestoration (10ms)
Platform modules already initialized, skipping
Validating Project structure ... 0.006788 seconds.
Shader import version has changed; will reimport all shaders...
Upgrading shader files ...0.008845 seconds.
Application.AssetDatabase Initial Script Refresh Start
RefreshInfo: InitialScriptRefreshV2(NoUpdateAssetOptions) scanfilter:  ... 1 filters
RefreshProfiler: Total: 0.000ms
Application.AssetDatabase Initial Script Refresh End
Application.AssetDatabase.Refresh Start
Application.AssetDatabase.Refresh End
RefreshInfo: StopAssetImportingV2(ForceSynchronousImport) scanfilter: 
RefreshProfiler: Total: 0.000ms
Launching external process: /Applications/Unity/Hub/Editor/2020.3.22f1/Unity.app/Contents/Tools/UnityShaderCompiler
Launched and connected shader compiler UnityShaderCompiler after 0.01 seconds
Initializing Unity extensions:
========================================================================
Worker process is ready to serve import requests
Refreshing native plugins compatible for Editor in 0.61 ms, found 3 plugins.
Preloading 0 native plugins for Editor in 0.00 ms.
Unloading 2263 Unused Serialized files (Serialized files now loaded: 0)
System memory in use before: 206.1 MB.
System memory in use after: 205.3 MB.

Unloading 135 unused Assets to reduce memory usage. Loaded Objects now: 2739.
Total: 4.807318 ms (FindLiveObjects: 0.380678 ms CreateObjectMapping: 0.192147 ms MarkObjects: 3.633138 ms  DeleteObjects: 0.600071 ms)

AssetImportParameters requested are different than current active one (requested -> active):
  custom:video-decoder-ogg-theora: a1e56fd34408186e4bbccfd4996cb3dc -> 
  custom:container-muxer-webm: aa71ff27fc2769a1b78a27578f13a17b -> 
  custom:container-demuxer-webm: 4f35f7cbe854078d1ac9338744f61a02 -> 
  custom:container-demuxer-ogg: 62fdf1f143b41e24485cea50d1cbac27 -> 
  custom:video-encoder-webm-vp8: eb34c28f22e8b96e1ab97ce403110664 -> 
  custom:framework-osx-AVFoundation: b23960f63f64bdc6ff669e2cdcee2391 -> 
  custom:video-decoder-webm-vp8: 9c59270c3fd7afecdb556c50c9e8de78 -> 
  custom:audio-decoder-ogg-vorbis: bf7c407c2cedff20999df2af8eb42d56 -> 
  custom:audio-encoder-webm-vorbis: bf7c407c2cedff20999df2af8eb42d56 -> 
========================================================================
Received Import Request.
  path: Assets/animation/intro/p3.anim
  artifactKey: Guid(ee983b6ce1a474a5f99157ec9d8a99de) Importer(815301076,1909f56bfc062723c751e8b465ee728b)
Start importing Assets/animation/intro/p3.anim using Guid(ee983b6ce1a474a5f99157ec9d8a99de) Importer(815301076,1909f56bfc062723c751e8b465ee728b)  -> (artifact id: '04f931c5814f5f6d518a2558022a5df0') in 0.300249 seconds 
  Import took 0.304835 seconds .

========================================================================
Received Import Request.
  Time since last request: 0.004697 seconds.
  path: Assets/animation/intro/asteroid-1.anim
  artifactKey: Guid(40e99c829984d49e6976d300cb93f8f1) Importer(815301076,1909f56bfc062723c751e8b465ee728b)
Start importing Assets/animation/intro/asteroid-1.anim using Guid(40e99c829984d49e6976d300cb93f8f1) Importer(815301076,1909f56bfc062723c751e8b465ee728b)  -> (artifact id: '37acd1edc2c3f599f5ecbd47efb4ef54') in 0.022099 seconds 
  Import took 0.030719 seconds .

========================================================================
Received Import Request.
  Time since last request: 0.000315 seconds.
  path: Assets/animation/intro/p5.anim
  artifactKey: Guid(f13ca7e07e5ac49a282ddec78bda5d99) Importer(815301076,1909f56bfc062723c751e8b465ee728b)
Start importing Assets/animation/intro/p5.anim using Guid(f13ca7e07e5ac49a282ddec78bda5d99) Importer(815301076,1909f56bfc062723c751e8b465ee728b)  -> (artifact id: 'e2664e97885f4b63c8d90e22ee17ecc1') in 0.010852 seconds 
  Import took 0.021691 seconds .

========================================================================
Received Import Request.
  Time since last request: 0.000272 seconds.
  path: Assets/animation/intro/asteroid-1.controller
  artifactKey: Guid(9a15d6c23df474c04b0a6cd30c5d2b08) Importer(815301076,1909f56bfc062723c751e8b465ee728b)
Start importing Assets/animation/intro/asteroid-1.controller using Guid(9a15d6c23df474c04b0a6cd30c5d2b08) Importer(815301076,1909f56bfc062723c751e8b465ee728b)  -> (artifact id: '9c39f52e87488677a3355366c9c13400') in 0.246274 seconds 
  Import took 0.255491 seconds .

========================================================================
Received Import Request.
  Time since last request: 0.012979 seconds.
  path: Assets/animation/intro/p2.anim
  artifactKey: Guid(69414abfdb6634e98a1706e019ccac7d) Importer(815301076,1909f56bfc062723c751e8b465ee728b)
Start importing Assets/animation/intro/p2.anim using Guid(69414abfdb6634e98a1706e019ccac7d) Importer(815301076,1909f56bfc062723c751e8b465ee728b)  -> (artifact id: '6995d60faead9813880b3659d0db3747') in 0.007634 seconds 
  Import took 0.014990 seconds .

========================================================================
Received Import Request.
  Time since last request: 0.000297 seconds.
  path: Assets/animation/intro/p6.anim
  artifactKey: Guid(0daeb65cadba3479d80377ae1440307e) Importer(815301076,1909f56bfc062723c751e8b465ee728b)
Start importing Assets/animation/intro/p6.anim using Guid(0daeb65cadba3479d80377ae1440307e) Importer(815301076,1909f56bfc062723c751e8b465ee728b)  -> (artifact id: 'e5be1ca31c64d9591c3a0cb36549c9a7') in 0.006268 seconds 
  Import took 0.026765 seconds .

========================================================================
Received Import Request.
  Time since last request: 0.001423 seconds.
  path: Assets/animation/intro/p4.anim
  artifactKey: Guid(34e8355a0f875485e98967ed003a77dd) Importer(815301076,1909f56bfc062723c751e8b465ee728b)
Start importing Assets/animation/intro/p4.anim using Guid(34e8355a0f875485e98967ed003a77dd) Importer(815301076,1909f56bfc062723c751e8b465ee728b)  -> (artifact id: '9a3fa80ef777854f12f5d4e1394f9ab4') in 0.005823 seconds 
  Import took 0.018575 seconds .

========================================================================
Received Import Request.
  Time since last request: 0.001181 seconds.
  path: Assets/animation/intro/p1.anim
  artifactKey: Guid(d2ad59650fdb94f3d93253ca81914b47) Importer(815301076,1909f56bfc062723c751e8b465ee728b)
Start importing Assets/animation/intro/p1.anim using Guid(d2ad59650fdb94f3d93253ca81914b47) Importer(815301076,1909f56bfc062723c751e8b465ee728b)  -> (artifact id: '39caff12ef1983f54123869dafc1ed77') in 0.007878 seconds 
  Import took 0.019988 seconds .

========================================================================
Received Import Request.
  Time since last request: 0.745336 seconds.
  path: Assets/animation/intro/p7.anim
  artifactKey: Guid(48c90104004b0491894b5f51b32574a3) Importer(815301076,1909f56bfc062723c751e8b465ee728b)
Start importing Assets/animation/intro/p7.anim using Guid(48c90104004b0491894b5f51b32574a3) Importer(815301076,1909f56bfc062723c751e8b465ee728b)  -> (artifact id: '8865b9e0d6bd095345dd6d15f648d142') in 0.004812 seconds 
  Import took 0.021793 seconds .

========================================================================
Received Import Request.
  Time since last request: 3.768585 seconds.
  path: Assets/animation/intro/p8.anim
  artifactKey: Guid(a5fb0fca3dcb14262abaf65b1497aa9b) Importer(815301076,1909f56bfc062723c751e8b465ee728b)
Start importing Assets/animation/intro/p8.anim using Guid(a5fb0fca3dcb14262abaf65b1497aa9b) Importer(815301076,1909f56bfc062723c751e8b465ee728b)  -> (artifact id: 'b4c22c99a2a4cd68f9aab06d3047fea3') in 0.005265 seconds 
  Import took 0.021965 seconds .

========================================================================
Received Import Request.
  Time since last request: 2.787732 seconds.
  path: Assets/animation/intro/planets_1.controller
  artifactKey: Guid(054af3c49627741489ce863b074c9e6e) Importer(815301076,1909f56bfc062723c751e8b465ee728b)
Start importing Assets/animation/intro/planets_1.controller using Guid(054af3c49627741489ce863b074c9e6e) Importer(815301076,1909f56bfc062723c751e8b465ee728b)  -> (artifact id: 'b589e09f3aac8826b5f4313d42ca2971') in 0.013801 seconds 
  Import took 0.027394 seconds .

========================================================================
Received Import Request.
  Time since last request: 11.407305 seconds.
  path: Assets/animation/intro/spaceship.anim
  artifactKey: Guid(17d2fcfce46bd4a28b62ccc22ef636a6) Importer(815301076,1909f56bfc062723c751e8b465ee728b)
Start importing Assets/animation/intro/spaceship.anim using Guid(17d2fcfce46bd4a28b62ccc22ef636a6) Importer(815301076,1909f56bfc062723c751e8b465ee728b)  -> (artifact id: 'b8fa99a8ef033c2402bfcfebffce00dc') in 0.005906 seconds 
  Import took 0.019787 seconds .

========================================================================
Received Import Request.
  Time since last request: 5.457878 seconds.
  path: Assets/animation/intro/spaceship.controller
  artifactKey: Guid(cbc6bedc81bf6484e83662264df3f4af) Importer(815301076,1909f56bfc062723c751e8b465ee728b)
Start importing Assets/animation/intro/spaceship.controller using Guid(cbc6bedc81bf6484e83662264df3f4af) Importer(815301076,1909f56bfc062723c751e8b465ee728b)  -> (artifact id: 'ebc8fc2208026fb94898403ef86b7e45') in 0.011059 seconds 
  Import took 0.022799 seconds .

========================================================================
Received Import Request.
  Time since last request: 1.331965 seconds.
  path: Assets/animation/intro/space-city.controller
  artifactKey: Guid(dfb0343d1bfd84a3ba484d052713ce94) Importer(815301076,1909f56bfc062723c751e8b465ee728b)
Start importing Assets/animation/intro/space-city.controller using Guid(dfb0343d1bfd84a3ba484d052713ce94) Importer(815301076,1909f56bfc062723c751e8b465ee728b)  -> (artifact id: '75848b01214b92ab7a95f1e19ae77897') in 0.012841 seconds 
  Import took 0.020992 seconds .

========================================================================
Received Import Request.
  Time since last request: 1.013826 seconds.
  path: Assets/animation/intro/space-city.anim
  artifactKey: Guid(7068d9624efa6499da93da2747addf75) Importer(815301076,1909f56bfc062723c751e8b465ee728b)
Start importing Assets/animation/intro/space-city.anim using Guid(7068d9624efa6499da93da2747addf75) Importer(815301076,1909f56bfc062723c751e8b465ee728b)  -> (artifact id: '745eaadc150b06644da2d386b8422427') in 0.005700 seconds 
  Import took 0.020818 seconds .

========================================================================
Received Import Request.
  Time since last request: 5.468962 seconds.
  path: Assets/animation/intro/space-city.anim
  artifactKey: Guid(7068d9624efa6499da93da2747addf75) Importer(815301076,1909f56bfc062723c751e8b465ee728b)
Start importing Assets/animation/intro/space-city.anim using Guid(7068d9624efa6499da93da2747addf75) Importer(815301076,1909f56bfc062723c751e8b465ee728b)  -> (artifact id: '62a99d17cc3f67488ddc1d7e64bf5f7c') in 0.014137 seconds 
  Import took 0.026889 seconds .

========================================================================
Received Prepare
Registering precompiled user dll's ...
Registered in 0.004126 seconds.
Begin MonoManager ReloadAssembly
Native extension for OSXStandalone target not found
Refreshing native plugins compatible for Editor in 0.81 ms, found 3 plugins.
Preloading 0 native plugins for Editor in 0.00 ms.
Mono: successfully reloaded assembly
- Completed reload, in  2.034 seconds
Domain Reload Profiling:
	ReloadAssembly (2034ms)
		BeginReloadAssembly (179ms)
			ExecutionOrderSort (0ms)
			DisableScriptedObjects (9ms)
			BackupInstance (0ms)
			ReleaseScriptingObjects (0ms)
			CreateAndSetChildDomain (94ms)
		EndReloadAssembly (1764ms)
			LoadAssemblies (105ms)
			RebuildTransferFunctionScriptingTraits (0ms)
			SetupTypeCache (699ms)
			ReleaseScriptCaches (1ms)
			RebuildScriptCaches (90ms)
			SetupLoadedEditorAssemblies (557ms)
				LogAssemblyErrors (0ms)
				InitializePlatformSupportModulesInManaged (10ms)
				SetLoadedEditorAssemblies (1ms)
				RefreshPlugins (1ms)
				BeforeProcessingInitializeOnLoad (190ms)
				ProcessInitializeOnLoadAttributes (338ms)
				ProcessInitializeOnLoadMethodAttributes (16ms)
				AfterProcessingInitializeOnLoad (2ms)
				EditorAssembliesLoaded (0ms)
			ExecutionOrderSort2 (0ms)
			AwakeInstancesAfterBackupRestoration (13ms)
Platform modules already initialized, skipping
Switching build target platform(2) subTarget(0) extendedPlatform(0) -> platform(13) subTarget(537395200) extendedPlatform(0)
Refreshing native plugins compatible for Editor in 0.65 ms, found 3 plugins.
Preloading 0 native plugins for Editor in 0.00 ms.
Unloading 2254 Unused Serialized files (Serialized files now loaded: 0)
System memory in use before: 211.9 MB.
System memory in use after: 212.1 MB.

Unloading 18 unused Assets to reduce memory usage. Loaded Objects now: 2742.
Total: 4.567299 ms (FindLiveObjects: 0.426286 ms CreateObjectMapping: 0.202956 ms MarkObjects: 3.914034 ms  DeleteObjects: 0.022425 ms)

AssetImportParameters requested are different than current active one (requested -> active):
  custom:video-decoder-ogg-theora: a1e56fd34408186e4bbccfd4996cb3dc -> 
  custom:container-muxer-webm: aa71ff27fc2769a1b78a27578f13a17b -> 
  custom:container-demuxer-webm: 4f35f7cbe854078d1ac9338744f61a02 -> 
  custom:container-demuxer-ogg: 62fdf1f143b41e24485cea50d1cbac27 -> 
  custom:video-encoder-webm-vp8: eb34c28f22e8b96e1ab97ce403110664 -> 
  custom:framework-osx-AVFoundation: b23960f63f64bdc6ff669e2cdcee2391 -> 
  custom:video-decoder-webm-vp8: 9c59270c3fd7afecdb556c50c9e8de78 -> 
  custom:graphics/normal-map-encoding: 01000000000000000000000000000000 -> 02000000000000000000000000000000
  custom:audio-decoder-ogg-vorbis: bf7c407c2cedff20999df2af8eb42d56 -> 
  custom:audio-encoder-webm-vorbis: bf7c407c2cedff20999df2af8eb42d56 -> 
========================================================================
Received Prepare
Registering precompiled user dll's ...
Registered in 0.002386 seconds.
Begin MonoManager ReloadAssembly
Native extension for OSXStandalone target not found
Refreshing native plugins compatible for Editor in 0.65 ms, found 3 plugins.
Preloading 0 native plugins for Editor in 0.00 ms.
Mono: successfully reloaded assembly
- Completed reload, in  1.738 seconds
Domain Reload Profiling:
	ReloadAssembly (1739ms)
		BeginReloadAssembly (168ms)
			ExecutionOrderSort (0ms)
			DisableScriptedObjects (8ms)
			BackupInstance (0ms)
			ReleaseScriptingObjects (0ms)
			CreateAndSetChildDomain (87ms)
		EndReloadAssembly (1484ms)
			LoadAssemblies (101ms)
			RebuildTransferFunctionScriptingTraits (0ms)
			SetupTypeCache (640ms)
			ReleaseScriptCaches (1ms)
			RebuildScriptCaches (73ms)
			SetupLoadedEditorAssemblies (484ms)
				LogAssemblyErrors (0ms)
				InitializePlatformSupportModulesInManaged (7ms)
				SetLoadedEditorAssemblies (1ms)
				RefreshPlugins (1ms)
				BeforeProcessingInitializeOnLoad (172ms)
				ProcessInitializeOnLoadAttributes (283ms)
				ProcessInitializeOnLoadMethodAttributes (18ms)
				AfterProcessingInitializeOnLoad (2ms)
				EditorAssembliesLoaded (0ms)
			ExecutionOrderSort2 (0ms)
			AwakeInstancesAfterBackupRestoration (17ms)
Platform modules already initialized, skipping
Switching build target platform(2) subTarget(0) extendedPlatform(0) -> platform(13) subTarget(537395200) extendedPlatform(0)
Refreshing native plugins compatible for Editor in 0.67 ms, found 3 plugins.
Preloading 0 native plugins for Editor in 0.00 ms.
Unloading 2254 Unused Serialized files (Serialized files now loaded: 0)
System memory in use before: 212.1 MB.
System memory in use after: 212.3 MB.

Unloading 17 unused Assets to reduce memory usage. Loaded Objects now: 2744.
Total: 4.763437 ms (FindLiveObjects: 0.391035 ms CreateObjectMapping: 0.199723 ms MarkObjects: 4.144481 ms  DeleteObjects: 0.025677 ms)

AssetImportParameters requested are different than current active one (requested -> active):
  custom:video-decoder-ogg-theora: a1e56fd34408186e4bbccfd4996cb3dc -> 
  custom:container-muxer-webm: aa71ff27fc2769a1b78a27578f13a17b -> 
  custom:container-demuxer-webm: 4f35f7cbe854078d1ac9338744f61a02 -> 
  custom:container-demuxer-ogg: 62fdf1f143b41e24485cea50d1cbac27 -> 
  custom:video-encoder-webm-vp8: eb34c28f22e8b96e1ab97ce403110664 -> 
  custom:framework-osx-AVFoundation: b23960f63f64bdc6ff669e2cdcee2391 -> 
  custom:video-decoder-webm-vp8: 9c59270c3fd7afecdb556c50c9e8de78 -> 
  custom:graphics/normal-map-encoding: 01000000000000000000000000000000 -> 02000000000000000000000000000000
  custom:audio-decoder-ogg-vorbis: bf7c407c2cedff20999df2af8eb42d56 -> 
  custom:audio-encoder-webm-vorbis: bf7c407c2cedff20999df2af8eb42d56 -> 
